----------------------------------------
Timestamp: 11/5/2012 1:36:23 PM
Message: this is the first exception
Category: General
Priority: -1
EventId: 0
Severity: Information
Title:
Machine: SHAHZAD-8DD76D1
Application Domain: /LM/W3SVC/2/ROOT-2-129965961690361393
Process Id: 4000
Process Name: C:\Program Files (x86)\IIS Express\iisexpress.exe
Win32 Thread Id: 3720
Thread Name: 
Extended Properties: 
----------------------------------------
----------------------------------------
Timestamp: 11/5/2012 1:42:04 PM
Message: this is the first exception
Category: General
Priority: -1
EventId: 0
Severity: Information
Title:
Machine: SHAHZAD-8DD76D1
Application Domain: /LM/W3SVC/2/ROOT-3-129965965041906369
Process Id: 4000
Process Name: C:\Program Files (x86)\IIS Express\iisexpress.exe
Win32 Thread Id: 3720
Thread Name: 
Extended Properties: 
----------------------------------------
----------------------------------------
Timestamp: 11/5/2012 1:42:34 PM
Message: Combination of PriceSetting-id and PriceSetting-key is unknown to us, maybe you did't get it right?
Category: General
Priority: -1
EventId: 0
Severity: Information
Title:
Machine: SHAHZAD-8DD76D1
Application Domain: /LM/W3SVC/2/ROOT-4-129965965424875119
Process Id: 4000
Process Name: C:\Program Files (x86)\IIS Express\iisexpress.exe
Win32 Thread Id: 3720
Thread Name: 
Extended Properties: 
----------------------------------------
----------------------------------------
Timestamp: 11/5/2012 1:45:28 PM
Message: Combination of PriceSetting-id and PriceSetting-key is unknown to us, maybe you did't get it right?
Category: General
Priority: -1
EventId: 0
Severity: Information
Title:
Machine: SHAHZAD-8DD76D1
Application Domain: /LM/W3SVC/2/ROOT-5-129965967232463963
Process Id: 4000
Process Name: C:\Program Files (x86)\IIS Express\iisexpress.exe
Win32 Thread Id: 3292
Thread Name: 
Extended Properties: 
----------------------------------------
----------------------------------------
Timestamp: 11/5/2012 1:58:06 PM
Message: The controller for path '/asad' was not found or does not implement IController.
Category: General
Priority: -1
EventId: 0
Severity: Information
Title:
Machine: SHAHZAD-8DD76D1
Application Domain: /LM/W3SVC/2/ROOT-6-129965974800615148
Process Id: 4000
Process Name: C:\Program Files (x86)\IIS Express\iisexpress.exe
Win32 Thread Id: 2876
Thread Name: 
Extended Properties: 
----------------------------------------
